2026-02-05 21:24:56 - Request started
Headers: Array
(
    [Cookie] => _ym_uid=1769776098906133007; _ym_d=1769776098
    [Priority] => u=1, i
    [Accept-Language] => ru,ru-RU;q=0.9,en-US;q=0.8,en;q=0.7
    [Accept-Encoding] => gzip, deflate, br, zstd
    [Referer] => https://xn--3-8sbal7h.site/tickets/webapp/index.html
    [Sec-Fetch-Dest] => empty
    [Sec-Fetch-Mode] => cors
    [Sec-Fetch-Site] => same-origin
    [X-Requested-With] => org.telegram.messenger
    [Accept] => */*
    [Sec-Ch-Ua-Mobile] => ?1
    [Sec-Ch-Ua] => "Not(A:Brand";v="8", "Chromium";v="144", "Android WebView";v="144"
    [User-Agent] => Mozilla/5.0 (Linux; Android 14; K) AppleWebKit/537.36 (KHTML, like Gecko) Chrome/144.0.7559.109 Mobile Safari/537.36 Telegram-Android/12.2.4 (Xiaomi 22101316UG; Android 14; SDK 34; HIGH)
    [Sec-Ch-Ua-Platform] => "Android"
    [Connection] => close
    [X-Forwarded-Port] => 443
    [X-Forwarded-Proto] => https
    [Host] => xn--3-8sbal7h.site
)

Method: GET
Auth result: 
Auth failed
2026-02-05 21:24:59 - Request started
Headers: Array
(
    [Cookie] => _ym_uid=1769776098906133007; _ym_d=1769776098
    [Priority] => u=1, i
    [Accept-Language] => ru,ru-RU;q=0.9,en-US;q=0.8,en;q=0.7
    [Accept-Encoding] => gzip, deflate, br, zstd
    [Referer] => https://xn--3-8sbal7h.site/tickets/webapp/index.html
    [Sec-Fetch-Dest] => empty
    [Sec-Fetch-Mode] => cors
    [Sec-Fetch-Site] => same-origin
    [X-Requested-With] => org.telegram.messenger
    [Accept] => */*
    [Sec-Ch-Ua-Mobile] => ?1
    [Sec-Ch-Ua] => "Not(A:Brand";v="8", "Chromium";v="144", "Android WebView";v="144"
    [User-Agent] => Mozilla/5.0 (Linux; Android 14; K) AppleWebKit/537.36 (KHTML, like Gecko) Chrome/144.0.7559.109 Mobile Safari/537.36 Telegram-Android/12.2.4 (Xiaomi 22101316UG; Android 14; SDK 34; HIGH)
    [Sec-Ch-Ua-Platform] => "Android"
    [Connection] => close
    [X-Forwarded-Port] => 443
    [X-Forwarded-Proto] => https
    [Host] => xn--3-8sbal7h.site
)

Method: GET
Auth result: 
Auth failed
2026-02-05 21:25:56 - Request started
Headers: Array
(
    [Cookie] => _ym_uid=1769776098906133007; _ym_d=1769776098
    [Priority] => u=1, i
    [Accept-Language] => ru-RU,ru;q=0.9,en-US;q=0.8,en;q=0.7
    [Accept-Encoding] => gzip, deflate, br, zstd
    [Referer] => https://xn--3-8sbal7h.site/tickets/webapp/
    [Sec-Fetch-Dest] => empty
    [Sec-Fetch-Mode] => cors
    [Sec-Fetch-Site] => same-origin
    [X-Requested-With] => org.telegram.messenger
    [Accept] => */*
    [Sec-Ch-Ua-Mobile] => ?1
    [Sec-Ch-Ua] => "Not(A:Brand";v="8", "Chromium";v="144", "Android WebView";v="144"
    [User-Agent] => Mozilla/5.0 (Linux; Android 14; K) AppleWebKit/537.36 (KHTML, like Gecko) Chrome/144.0.7559.109 Mobile Safari/537.36 Telegram-Android/12.2.4 (Xiaomi 22101316UG; Android 14; SDK 34; HIGH)
    [Sec-Ch-Ua-Platform] => "Android"
    [X-Telegram-User-Id] => 1527954983
    [Connection] => close
    [X-Forwarded-Port] => 443
    [X-Forwarded-Proto] => https
    [Host] => xn--3-8sbal7h.site
)

Method: GET
Auth result: Array
(
    [id] => 1
    [telegram_id] => 1527954983
    [username] => Samalazoff
    [first_name] => Sergei
    [last_name] => S.
    [is_admin] => 1
    [created_at] => 2026-02-05 19:58:15
)

User is_admin: true
2026-02-05 21:25:58 - Request started
Headers: Array
(
    [Cookie] => _ym_uid=1769776098906133007; _ym_d=1769776098
    [Priority] => u=1, i
    [Accept-Language] => ru-RU,ru;q=0.9,en-US;q=0.8,en;q=0.7
    [Accept-Encoding] => gzip, deflate, br, zstd
    [Referer] => https://xn--3-8sbal7h.site/tickets/webapp/
    [Sec-Fetch-Dest] => empty
    [Sec-Fetch-Mode] => cors
    [Sec-Fetch-Site] => same-origin
    [X-Requested-With] => org.telegram.messenger
    [Accept] => */*
    [Sec-Ch-Ua-Mobile] => ?1
    [Sec-Ch-Ua] => "Not(A:Brand";v="8", "Chromium";v="144", "Android WebView";v="144"
    [User-Agent] => Mozilla/5.0 (Linux; Android 14; K) AppleWebKit/537.36 (KHTML, like Gecko) Chrome/144.0.7559.109 Mobile Safari/537.36 Telegram-Android/12.2.4 (Xiaomi 22101316UG; Android 14; SDK 34; HIGH)
    [Sec-Ch-Ua-Platform] => "Android"
    [X-Telegram-User-Id] => 1527954983
    [Connection] => close
    [X-Forwarded-Port] => 443
    [X-Forwarded-Proto] => https
    [Host] => xn--3-8sbal7h.site
)

Method: GET
Auth result: Array
(
    [id] => 1
    [telegram_id] => 1527954983
    [username] => Samalazoff
    [first_name] => Sergei
    [last_name] => S.
    [is_admin] => 1
    [created_at] => 2026-02-05 19:58:15
)

User is_admin: true
2026-02-05 21:26:16 - Request started
Headers: Array
(
    [Cookie] => _ym_uid=1769776098906133007; _ym_d=1769776098
    [Priority] => u=1, i
    [Accept-Language] => ru-RU,ru;q=0.9,en-US;q=0.8,en;q=0.7
    [Accept-Encoding] => gzip, deflate, br, zstd
    [Referer] => https://xn--3-8sbal7h.site/tickets/webapp/
    [Sec-Fetch-Dest] => empty
    [Sec-Fetch-Mode] => cors
    [Sec-Fetch-Site] => same-origin
    [X-Requested-With] => org.telegram.messenger
    [Origin] => https://xn--3-8sbal7h.site
    [Accept] => */*
    [Sec-Ch-Ua-Mobile] => ?1
    [Content-Type] => application/json
    [Sec-Ch-Ua] => "Not(A:Brand";v="8", "Chromium";v="144", "Android WebView";v="144"
    [User-Agent] => Mozilla/5.0 (Linux; Android 14; K) AppleWebKit/537.36 (KHTML, like Gecko) Chrome/144.0.7559.109 Mobile Safari/537.36 Telegram-Android/12.2.4 (Xiaomi 22101316UG; Android 14; SDK 34; HIGH)
    [Sec-Ch-Ua-Platform] => "Android"
    [X-Telegram-User-Id] => 1527954983
    [Content-Length] => 34
    [Connection] => close
    [X-Forwarded-Port] => 443
    [X-Forwarded-Proto] => https
    [Host] => xn--3-8sbal7h.site
)

Method: POST
Auth result: Array
(
    [id] => 1
    [telegram_id] => 1527954983
    [username] => Samalazoff
    [first_name] => Sergei
    [last_name] => S.
    [is_admin] => 1
    [created_at] => 2026-02-05 19:58:15
)

User is_admin: true
2026-02-05 21:26:17 - Request started
Headers: Array
(
    [Cookie] => _ym_uid=1769776098906133007; _ym_d=1769776098
    [Priority] => u=1, i
    [Accept-Language] => ru-RU,ru;q=0.9,en-US;q=0.8,en;q=0.7
    [Accept-Encoding] => gzip, deflate, br, zstd
    [Referer] => https://xn--3-8sbal7h.site/tickets/webapp/
    [Sec-Fetch-Dest] => empty
    [Sec-Fetch-Mode] => cors
    [Sec-Fetch-Site] => same-origin
    [X-Requested-With] => org.telegram.messenger
    [Accept] => */*
    [Sec-Ch-Ua-Mobile] => ?1
    [Sec-Ch-Ua] => "Not(A:Brand";v="8", "Chromium";v="144", "Android WebView";v="144"
    [User-Agent] => Mozilla/5.0 (Linux; Android 14; K) AppleWebKit/537.36 (KHTML, like Gecko) Chrome/144.0.7559.109 Mobile Safari/537.36 Telegram-Android/12.2.4 (Xiaomi 22101316UG; Android 14; SDK 34; HIGH)
    [Sec-Ch-Ua-Platform] => "Android"
    [X-Telegram-User-Id] => 1527954983
    [Connection] => close
    [X-Forwarded-Port] => 443
    [X-Forwarded-Proto] => https
    [Host] => xn--3-8sbal7h.site
)

Method: GET
Auth result: Array
(
    [id] => 1
    [telegram_id] => 1527954983
    [username] => Samalazoff
    [first_name] => Sergei
    [last_name] => S.
    [is_admin] => 1
    [created_at] => 2026-02-05 19:58:15
)

User is_admin: true
2026-02-05 21:26:17 - Request started
Headers: Array
(
    [Cookie] => _ym_uid=1769776098906133007; _ym_d=1769776098
    [Priority] => u=1, i
    [Accept-Language] => ru-RU,ru;q=0.9,en-US;q=0.8,en;q=0.7
    [Accept-Encoding] => gzip, deflate, br, zstd
    [Referer] => https://xn--3-8sbal7h.site/tickets/webapp/
    [Sec-Fetch-Dest] => empty
    [Sec-Fetch-Mode] => cors
    [Sec-Fetch-Site] => same-origin
    [X-Requested-With] => org.telegram.messenger
    [Accept] => */*
    [Sec-Ch-Ua-Mobile] => ?1
    [Sec-Ch-Ua] => "Not(A:Brand";v="8", "Chromium";v="144", "Android WebView";v="144"
    [User-Agent] => Mozilla/5.0 (Linux; Android 14; K) AppleWebKit/537.36 (KHTML, like Gecko) Chrome/144.0.7559.109 Mobile Safari/537.36 Telegram-Android/12.2.4 (Xiaomi 22101316UG; Android 14; SDK 34; HIGH)
    [Sec-Ch-Ua-Platform] => "Android"
    [X-Telegram-User-Id] => 1527954983
    [Connection] => close
    [X-Forwarded-Port] => 443
    [X-Forwarded-Proto] => https
    [Host] => xn--3-8sbal7h.site
)

Method: GET
Auth result: Array
(
    [id] => 1
    [telegram_id] => 1527954983
    [username] => Samalazoff
    [first_name] => Sergei
    [last_name] => S.
    [is_admin] => 1
    [created_at] => 2026-02-05 19:58:15
)

User is_admin: true
2026-02-05 21:27:40 - Request started
Headers: Array
(
    [Cookie] => _ym_uid=1769776098906133007; _ym_d=1769776098
    [Priority] => u=1, i
    [Accept-Language] => ru-RU,ru;q=0.9,en-US;q=0.8,en;q=0.7
    [Accept-Encoding] => gzip, deflate, br, zstd
    [Referer] => https://xn--3-8sbal7h.site/tickets/webapp/index.html
    [Sec-Fetch-Dest] => empty
    [Sec-Fetch-Mode] => cors
    [Sec-Fetch-Site] => same-origin
    [X-Requested-With] => org.telegram.messenger
    [Accept] => */*
    [Sec-Ch-Ua-Mobile] => ?1
    [Sec-Ch-Ua] => "Not(A:Brand";v="8", "Chromium";v="144", "Android WebView";v="144"
    [User-Agent] => Mozilla/5.0 (Linux; Android 14; K) AppleWebKit/537.36 (KHTML, like Gecko) Chrome/144.0.7559.109 Mobile Safari/537.36 Telegram-Android/12.2.4 (Xiaomi 22101316UG; Android 14; SDK 34; HIGH)
    [Sec-Ch-Ua-Platform] => "Android"
    [X-Telegram-User-Id] => 1527954983
    [Connection] => close
    [X-Forwarded-Port] => 443
    [X-Forwarded-Proto] => https
    [Host] => xn--3-8sbal7h.site
)

Method: GET
Auth result: Array
(
    [id] => 1
    [telegram_id] => 1527954983
    [username] => Samalazoff
    [first_name] => Sergei
    [last_name] => S.
    [is_admin] => 1
    [created_at] => 2026-02-05 19:58:15
)

User is_admin: true
2026-02-05 21:28:06 - Request started
Headers: Array
(
    [Cookie] => _ym_uid=1769776098906133007; _ym_d=1769776098
    [Priority] => u=1, i
    [Accept-Language] => ru-RU,ru;q=0.9,en-US;q=0.8,en;q=0.7
    [Accept-Encoding] => gzip, deflate, br, zstd
    [Referer] => https://xn--3-8sbal7h.site/tickets/webapp/index.html
    [Sec-Fetch-Dest] => empty
    [Sec-Fetch-Mode] => cors
    [Sec-Fetch-Site] => same-origin
    [X-Requested-With] => org.telegram.messenger
    [Accept] => */*
    [Sec-Ch-Ua-Mobile] => ?1
    [Sec-Ch-Ua] => "Not(A:Brand";v="8", "Chromium";v="144", "Android WebView";v="144"
    [User-Agent] => Mozilla/5.0 (Linux; Android 14; K) AppleWebKit/537.36 (KHTML, like Gecko) Chrome/144.0.7559.109 Mobile Safari/537.36 Telegram-Android/12.2.4 (Xiaomi 22101316UG; Android 14; SDK 34; HIGH)
    [Sec-Ch-Ua-Platform] => "Android"
    [X-Telegram-User-Id] => 1527954983
    [Connection] => close
    [X-Forwarded-Port] => 443
    [X-Forwarded-Proto] => https
    [Host] => xn--3-8sbal7h.site
)

Method: GET
Auth result: Array
(
    [id] => 1
    [telegram_id] => 1527954983
    [username] => Samalazoff
    [first_name] => Sergei
    [last_name] => S.
    [is_admin] => 1
    [created_at] => 2026-02-05 19:58:15
)

User is_admin: true
2026-02-05 21:28:41 - Request started
Headers: Array
(
    [Cookie] => _ym_uid=1769776098906133007; _ym_d=1769776098
    [Priority] => u=1, i
    [Accept-Language] => ru-RU,ru;q=0.9,en-US;q=0.8,en;q=0.7
    [Accept-Encoding] => gzip, deflate, br, zstd
    [Referer] => https://xn--3-8sbal7h.site/tickets/webapp/index.html
    [Sec-Fetch-Dest] => empty
    [Sec-Fetch-Mode] => cors
    [Sec-Fetch-Site] => same-origin
    [X-Requested-With] => org.telegram.messenger
    [Accept] => */*
    [Sec-Ch-Ua-Mobile] => ?1
    [Sec-Ch-Ua] => "Not(A:Brand";v="8", "Chromium";v="144", "Android WebView";v="144"
    [User-Agent] => Mozilla/5.0 (Linux; Android 14; K) AppleWebKit/537.36 (KHTML, like Gecko) Chrome/144.0.7559.109 Mobile Safari/537.36 Telegram-Android/12.2.4 (Xiaomi 22101316UG; Android 14; SDK 34; HIGH)
    [Sec-Ch-Ua-Platform] => "Android"
    [X-Telegram-User-Id] => 1527954983
    [Connection] => close
    [X-Forwarded-Port] => 443
    [X-Forwarded-Proto] => https
    [Host] => xn--3-8sbal7h.site
)

Method: GET
Auth result: Array
(
    [id] => 1
    [telegram_id] => 1527954983
    [username] => Samalazoff
    [first_name] => Sergei
    [last_name] => S.
    [is_admin] => 1
    [created_at] => 2026-02-05 19:58:15
)

User is_admin: true
2026-02-05 21:32:26 - Request started
Headers: Array
(
    [Cookie] => _ym_uid=1769776098906133007; _ym_d=1769776098
    [Priority] => u=1, i
    [Accept-Language] => ru-RU,ru;q=0.9,en-US;q=0.8,en;q=0.7
    [Accept-Encoding] => gzip, deflate, br, zstd
    [Referer] => https://xn--3-8sbal7h.site/tickets/webapp/index.html
    [Sec-Fetch-Dest] => empty
    [Sec-Fetch-Mode] => cors
    [Sec-Fetch-Site] => same-origin
    [X-Requested-With] => org.telegram.messenger
    [Accept] => */*
    [Sec-Ch-Ua-Mobile] => ?1
    [Sec-Ch-Ua] => "Not(A:Brand";v="8", "Chromium";v="144", "Android WebView";v="144"
    [User-Agent] => Mozilla/5.0 (Linux; Android 14; K) Telegram-Android/12.2.4 (Xiaomi 22101316UG; Android 14; SDK 34; HIGH)
    [Sec-Ch-Ua-Platform] => "Android"
    [X-Telegram-User-Id] => 1527954983
    [Connection] => close
    [X-Forwarded-Port] => 443
    [X-Forwarded-Proto] => https
    [Host] => xn--3-8sbal7h.site
)

Method: GET
Auth result: Array
(
    [id] => 1
    [telegram_id] => 1527954983
    [username] => Samalazoff
    [first_name] => Sergei
    [last_name] => S.
    [is_admin] => 1
    [created_at] => 2026-02-05 19:58:15
)

User is_admin: true
2026-02-05 21:33:50 - Request started
Headers: Array
(
    [Cookie] => _ym_uid=1769776098906133007; _ym_d=1769776098
    [Priority] => u=1, i
    [Accept-Language] => ru-RU,ru;q=0.9,en-US;q=0.8,en;q=0.7
    [Accept-Encoding] => gzip, deflate, br, zstd
    [Referer] => https://xn--3-8sbal7h.site/tickets/webapp/index.html
    [Sec-Fetch-Dest] => empty
    [Sec-Fetch-Mode] => cors
    [Sec-Fetch-Site] => same-origin
    [X-Requested-With] => org.telegram.messenger
    [Accept] => */*
    [Sec-Ch-Ua-Mobile] => ?1
    [Sec-Ch-Ua] => "Not(A:Brand";v="8", "Chromium";v="144", "Android WebView";v="144"
    [User-Agent] => Mozilla/5.0 (Linux; Android 14; K) Telegram-Android/12.2.4 (Xiaomi 22101316UG; Android 14; SDK 34; HIGH)
    [Sec-Ch-Ua-Platform] => "Android"
    [X-Telegram-User-Id] => 1527954983
    [Connection] => close
    [X-Forwarded-Port] => 443
    [X-Forwarded-Proto] => https
    [Host] => xn--3-8sbal7h.site
)

Method: GET
Auth result: Array
(
    [id] => 1
    [telegram_id] => 1527954983
    [username] => Samalazoff
    [first_name] => Sergei
    [last_name] => S.
    [is_admin] => 1
    [created_at] => 2026-02-05 19:58:15
)

User is_admin: true
2026-02-05 21:36:18 - Request started
Headers: Array
(
    [Cookie] => _ym_uid=1769776098906133007; _ym_d=1769776098
    [Priority] => u=1, i
    [Accept-Language] => ru-RU,ru;q=0.9,en-US;q=0.8,en;q=0.7
    [Accept-Encoding] => gzip, deflate, br, zstd
    [Referer] => https://xn--3-8sbal7h.site/tickets/webapp/index.html
    [Sec-Fetch-Dest] => empty
    [Sec-Fetch-Mode] => cors
    [Sec-Fetch-Site] => same-origin
    [X-Requested-With] => org.telegram.messenger
    [Accept] => */*
    [Sec-Ch-Ua-Mobile] => ?1
    [Sec-Ch-Ua] => "Not(A:Brand";v="8", "Chromium";v="144", "Android WebView";v="144"
    [User-Agent] => Mozilla/5.0 (Linux; Android 14; K) Telegram-Android/12.2.4 (Xiaomi 22101316UG; Android 14; SDK 34; HIGH)
    [Sec-Ch-Ua-Platform] => "Android"
    [X-Telegram-User-Id] => 1527954983
    [Connection] => close
    [X-Forwarded-Port] => 443
    [X-Forwarded-Proto] => https
    [Host] => xn--3-8sbal7h.site
)

Method: GET
Auth result: Array
(
    [id] => 1
    [telegram_id] => 1527954983
    [username] => Samalazoff
    [first_name] => Sergei
    [last_name] => S.
    [is_admin] => 1
    [created_at] => 2026-02-05 19:58:15
)

User is_admin: true
2026-02-05 22:02:34 - Request started
Headers: Array
(
    [Cookie] => _ym_uid=1769776098906133007; _ym_d=1769776098
    [Priority] => u=1, i
    [Accept-Language] => ru-RU,ru;q=0.9,en-US;q=0.8,en;q=0.7
    [Accept-Encoding] => gzip, deflate, br, zstd
    [Referer] => https://xn--3-8sbal7h.site/tickets/webapp/
    [Sec-Fetch-Dest] => empty
    [Sec-Fetch-Mode] => cors
    [Sec-Fetch-Site] => same-origin
    [X-Requested-With] => org.telegram.messenger
    [Accept] => */*
    [Sec-Ch-Ua-Mobile] => ?1
    [Sec-Ch-Ua] => "Not(A:Brand";v="8", "Chromium";v="144", "Android WebView";v="144"
    [User-Agent] => Mozilla/5.0 (Linux; Android 14; K) AppleWebKit/537.36 (KHTML, like Gecko) Chrome/144.0.7559.109 Mobile Safari/537.36 Telegram-Android/12.2.4 (Xiaomi 22101316UG; Android 14; SDK 34; HIGH)
    [Sec-Ch-Ua-Platform] => "Android"
    [X-Telegram-User-Id] => 1527954983
    [Connection] => close
    [X-Forwarded-Port] => 443
    [X-Forwarded-Proto] => https
    [Host] => xn--3-8sbal7h.site
)

Method: GET
Auth result: Array
(
    [id] => 1
    [telegram_id] => 1527954983
    [username] => Samalazoff
    [first_name] => Sergei
    [last_name] => S.
    [is_admin] => 1
    [created_at] => 2026-02-05 19:58:15
)

User is_admin: true
2026-02-05 22:04:11 - Request started
Headers: Array
(
    [Cookie] => _ym_uid=1769776098906133007; _ym_d=1769776098
    [Priority] => u=1, i
    [Accept-Language] => ru-RU,ru;q=0.9,en-US;q=0.8,en;q=0.7
    [Accept-Encoding] => gzip, deflate, br, zstd
    [Referer] => https://xn--3-8sbal7h.site/tickets/webapp/
    [Sec-Fetch-Dest] => empty
    [Sec-Fetch-Mode] => cors
    [Sec-Fetch-Site] => same-origin
    [X-Requested-With] => org.telegram.messenger
    [Accept] => */*
    [Sec-Ch-Ua-Mobile] => ?1
    [Sec-Ch-Ua] => "Not(A:Brand";v="8", "Chromium";v="144", "Android WebView";v="144"
    [User-Agent] => Mozilla/5.0 (Linux; Android 14; K) Telegram-Android/12.2.4 (Xiaomi 22101316UG; Android 14; SDK 34; HIGH)
    [Sec-Ch-Ua-Platform] => "Android"
    [X-Telegram-User-Id] => 1527954983
    [Connection] => close
    [X-Forwarded-Port] => 443
    [X-Forwarded-Proto] => https
    [Host] => xn--3-8sbal7h.site
)

Method: GET
Auth result: Array
(
    [id] => 1
    [telegram_id] => 1527954983
    [username] => Samalazoff
    [first_name] => Sergei
    [last_name] => S.
    [is_admin] => 1
    [created_at] => 2026-02-05 19:58:15
)

User is_admin: true
