2026-02-05 21:25:56 - User: Array
(
    [id] => 1
    [telegram_id] => 1527954983
    [username] => Samalazoff
    [first_name] => Sergei
    [last_name] => S.
    [is_admin] => 1
    [created_at] => 2026-02-05 19:58:15
)

2026-02-05 21:25:58 - User: Array
(
    [id] => 1
    [telegram_id] => 1527954983
    [username] => Samalazoff
    [first_name] => Sergei
    [last_name] => S.
    [is_admin] => 1
    [created_at] => 2026-02-05 19:58:15
)

2026-02-05 21:26:16 - User: Array
(
    [id] => 1
    [telegram_id] => 1527954983
    [username] => Samalazoff
    [first_name] => Sergei
    [last_name] => S.
    [is_admin] => 1
    [created_at] => 2026-02-05 19:58:15
)

Adding employee: Array
(
    [full_name] => Козырев А.
)

2026-02-05 21:26:17 - User: Array
(
    [id] => 1
    [telegram_id] => 1527954983
    [username] => Samalazoff
    [first_name] => Sergei
    [last_name] => S.
    [is_admin] => 1
    [created_at] => 2026-02-05 19:58:15
)

2026-02-05 21:26:17 - User: Array
(
    [id] => 1
    [telegram_id] => 1527954983
    [username] => Samalazoff
    [first_name] => Sergei
    [last_name] => S.
    [is_admin] => 1
    [created_at] => 2026-02-05 19:58:15
)

2026-02-05 21:27:40 - User: Array
(
    [id] => 1
    [telegram_id] => 1527954983
    [username] => Samalazoff
    [first_name] => Sergei
    [last_name] => S.
    [is_admin] => 1
    [created_at] => 2026-02-05 19:58:15
)

2026-02-05 21:28:06 - User: Array
(
    [id] => 1
    [telegram_id] => 1527954983
    [username] => Samalazoff
    [first_name] => Sergei
    [last_name] => S.
    [is_admin] => 1
    [created_at] => 2026-02-05 19:58:15
)

2026-02-05 21:28:41 - User: Array
(
    [id] => 1
    [telegram_id] => 1527954983
    [username] => Samalazoff
    [first_name] => Sergei
    [last_name] => S.
    [is_admin] => 1
    [created_at] => 2026-02-05 19:58:15
)

2026-02-05 21:32:26 - User: Array
(
    [id] => 1
    [telegram_id] => 1527954983
    [username] => Samalazoff
    [first_name] => Sergei
    [last_name] => S.
    [is_admin] => 1
    [created_at] => 2026-02-05 19:58:15
)

2026-02-05 21:33:50 - User: Array
(
    [id] => 1
    [telegram_id] => 1527954983
    [username] => Samalazoff
    [first_name] => Sergei
    [last_name] => S.
    [is_admin] => 1
    [created_at] => 2026-02-05 19:58:15
)

2026-02-05 21:36:18 - User: Array
(
    [id] => 1
    [telegram_id] => 1527954983
    [username] => Samalazoff
    [first_name] => Sergei
    [last_name] => S.
    [is_admin] => 1
    [created_at] => 2026-02-05 19:58:15
)

2026-02-05 22:02:34 - User: Array
(
    [id] => 1
    [telegram_id] => 1527954983
    [username] => Samalazoff
    [first_name] => Sergei
    [last_name] => S.
    [is_admin] => 1
    [created_at] => 2026-02-05 19:58:15
)

2026-02-05 22:04:11 - User: Array
(
    [id] => 1
    [telegram_id] => 1527954983
    [username] => Samalazoff
    [first_name] => Sergei
    [last_name] => S.
    [is_admin] => 1
    [created_at] => 2026-02-05 19:58:15
)

